0 info it worked if it ends with ok
1 verbose cli [ '/usr/bin/nodejs', '/usr/bin/npm', 'publish' ]
2 info using npm@1.3.10
3 info using node@v0.10.25
4 verbose publish [ '.' ]
5 verbose cache add [ '.', null ]
6 verbose cache add name=undefined spec="." args=[".",null]
7 verbose parsed url { protocol: null,
7 verbose parsed url   slashes: null,
7 verbose parsed url   auth: null,
7 verbose parsed url   host: null,
7 verbose parsed url   port: null,
7 verbose parsed url   hostname: null,
7 verbose parsed url   hash: null,
7 verbose parsed url   search: null,
7 verbose parsed url   query: null,
7 verbose parsed url   pathname: '.',
7 verbose parsed url   path: '.',
7 verbose parsed url   href: '.' }
8 silly lockFile 3a52ce78- .
9 verbose lock . /home/kelve/.npm/3a52ce78-.lock
10 verbose tar pack [ '/home/kelve/tmp/npm-2185-B07VSgmu/1450559605013-0.9779830549377948/tmp.tgz',
10 verbose tar pack   '.' ]
11 verbose tarball /home/kelve/tmp/npm-2185-B07VSgmu/1450559605013-0.9779830549377948/tmp.tgz
12 verbose folder .
13 silly lockFile 1f1177db-tar tar://.
14 verbose lock tar://. /home/kelve/.npm/1f1177db-tar.lock
15 silly lockFile 25058c8c-05013-0-9779830549377948-tmp-tgz tar:///home/kelve/tmp/npm-2185-B07VSgmu/1450559605013-0.9779830549377948/tmp.tgz
16 verbose lock tar:///home/kelve/tmp/npm-2185-B07VSgmu/1450559605013-0.9779830549377948/tmp.tgz /home/kelve/.npm/25058c8c-05013-0-9779830549377948-tmp-tgz.lock
17 silly lockFile 1f1177db-tar tar://.
18 silly lockFile 1f1177db-tar tar://.
19 silly lockFile 25058c8c-05013-0-9779830549377948-tmp-tgz tar:///home/kelve/tmp/npm-2185-B07VSgmu/1450559605013-0.9779830549377948/tmp.tgz
20 silly lockFile 25058c8c-05013-0-9779830549377948-tmp-tgz tar:///home/kelve/tmp/npm-2185-B07VSgmu/1450559605013-0.9779830549377948/tmp.tgz
21 verbose tar unpack /home/kelve/tmp/npm-2185-B07VSgmu/1450559605013-0.9779830549377948/tmp.tgz
22 silly lockFile b611db76-05013-0-9779830549377948-package tar:///home/kelve/tmp/npm-2185-B07VSgmu/1450559605013-0.9779830549377948/package
23 verbose lock tar:///home/kelve/tmp/npm-2185-B07VSgmu/1450559605013-0.9779830549377948/package /home/kelve/.npm/b611db76-05013-0-9779830549377948-package.lock
24 silly lockFile 25058c8c-05013-0-9779830549377948-tmp-tgz tar:///home/kelve/tmp/npm-2185-B07VSgmu/1450559605013-0.9779830549377948/tmp.tgz
25 verbose lock tar:///home/kelve/tmp/npm-2185-B07VSgmu/1450559605013-0.9779830549377948/tmp.tgz /home/kelve/.npm/25058c8c-05013-0-9779830549377948-tmp-tgz.lock
26 silly gunzTarPerm modes [ '755', '644' ]
27 silly gunzTarPerm extractEntry package.json
28 silly gunzTarPerm modified mode [ 'package.json', 436, 420 ]
29 silly gunzTarPerm extractEntry index.js
30 silly gunzTarPerm modified mode [ 'index.js', 436, 420 ]
31 silly lockFile b611db76-05013-0-9779830549377948-package tar:///home/kelve/tmp/npm-2185-B07VSgmu/1450559605013-0.9779830549377948/package
32 silly lockFile b611db76-05013-0-9779830549377948-package tar:///home/kelve/tmp/npm-2185-B07VSgmu/1450559605013-0.9779830549377948/package
33 silly lockFile 25058c8c-05013-0-9779830549377948-tmp-tgz tar:///home/kelve/tmp/npm-2185-B07VSgmu/1450559605013-0.9779830549377948/tmp.tgz
34 silly lockFile 25058c8c-05013-0-9779830549377948-tmp-tgz tar:///home/kelve/tmp/npm-2185-B07VSgmu/1450559605013-0.9779830549377948/tmp.tgz
35 verbose tar pack [ '/home/kelve/.npm/my-awesome-nodejs-module/0.0.1/package.tgz',
35 verbose tar pack   '/home/kelve/tmp/npm-2185-B07VSgmu/1450559605013-0.9779830549377948/package' ]
36 verbose tarball /home/kelve/.npm/my-awesome-nodejs-module/0.0.1/package.tgz
37 verbose folder /home/kelve/tmp/npm-2185-B07VSgmu/1450559605013-0.9779830549377948/package
38 silly lockFile b611db76-05013-0-9779830549377948-package tar:///home/kelve/tmp/npm-2185-B07VSgmu/1450559605013-0.9779830549377948/package
39 verbose lock tar:///home/kelve/tmp/npm-2185-B07VSgmu/1450559605013-0.9779830549377948/package /home/kelve/.npm/b611db76-05013-0-9779830549377948-package.lock
40 silly lockFile 1c5c1fe1--nodejs-module-0-0-1-package-tgz tar:///home/kelve/.npm/my-awesome-nodejs-module/0.0.1/package.tgz
41 verbose lock tar:///home/kelve/.npm/my-awesome-nodejs-module/0.0.1/package.tgz /home/kelve/.npm/1c5c1fe1--nodejs-module-0-0-1-package-tgz.lock
42 silly lockFile b611db76-05013-0-9779830549377948-package tar:///home/kelve/tmp/npm-2185-B07VSgmu/1450559605013-0.9779830549377948/package
43 silly lockFile b611db76-05013-0-9779830549377948-package tar:///home/kelve/tmp/npm-2185-B07VSgmu/1450559605013-0.9779830549377948/package
44 silly lockFile 1c5c1fe1--nodejs-module-0-0-1-package-tgz tar:///home/kelve/.npm/my-awesome-nodejs-module/0.0.1/package.tgz
45 silly lockFile 1c5c1fe1--nodejs-module-0-0-1-package-tgz tar:///home/kelve/.npm/my-awesome-nodejs-module/0.0.1/package.tgz
46 silly lockFile f9d9e371-some-nodejs-module-0-0-1-package /home/kelve/.npm/my-awesome-nodejs-module/0.0.1/package
47 verbose lock /home/kelve/.npm/my-awesome-nodejs-module/0.0.1/package /home/kelve/.npm/f9d9e371-some-nodejs-module-0-0-1-package.lock
48 silly lockFile f9d9e371-some-nodejs-module-0-0-1-package /home/kelve/.npm/my-awesome-nodejs-module/0.0.1/package
49 silly lockFile f9d9e371-some-nodejs-module-0-0-1-package /home/kelve/.npm/my-awesome-nodejs-module/0.0.1/package
50 verbose tar unpack /home/kelve/.npm/my-awesome-nodejs-module/0.0.1/package.tgz
51 silly lockFile 690523bd-some-nodejs-module-0-0-1-package tar:///home/kelve/.npm/my-awesome-nodejs-module/0.0.1/package
52 verbose lock tar:///home/kelve/.npm/my-awesome-nodejs-module/0.0.1/package /home/kelve/.npm/690523bd-some-nodejs-module-0-0-1-package.lock
53 silly lockFile 1c5c1fe1--nodejs-module-0-0-1-package-tgz tar:///home/kelve/.npm/my-awesome-nodejs-module/0.0.1/package.tgz
54 verbose lock tar:///home/kelve/.npm/my-awesome-nodejs-module/0.0.1/package.tgz /home/kelve/.npm/1c5c1fe1--nodejs-module-0-0-1-package-tgz.lock
55 silly gunzTarPerm modes [ '755', '644' ]
56 silly gunzTarPerm extractEntry package.json
57 silly gunzTarPerm extractEntry index.js
58 silly lockFile 690523bd-some-nodejs-module-0-0-1-package tar:///home/kelve/.npm/my-awesome-nodejs-module/0.0.1/package
59 silly lockFile 690523bd-some-nodejs-module-0-0-1-package tar:///home/kelve/.npm/my-awesome-nodejs-module/0.0.1/package
60 silly lockFile 1c5c1fe1--nodejs-module-0-0-1-package-tgz tar:///home/kelve/.npm/my-awesome-nodejs-module/0.0.1/package.tgz
61 silly lockFile 1c5c1fe1--nodejs-module-0-0-1-package-tgz tar:///home/kelve/.npm/my-awesome-nodejs-module/0.0.1/package.tgz
62 verbose chmod /home/kelve/.npm/my-awesome-nodejs-module/0.0.1/package.tgz 644
63 verbose chown /home/kelve/.npm/my-awesome-nodejs-module/0.0.1/package.tgz [ 1000, 1000 ]
64 silly lockFile 3a52ce78- .
65 silly lockFile 3a52ce78- .
66 silly publish { name: 'my-awesome-nodejs-module',
66 silly publish   version: '0.0.1',
66 silly publish   readme: 'ERROR: No README data found!',
66 silly publish   _id: 'my-awesome-nodejs-module@0.0.1',
66 silly publish   dist: { shasum: '1da35cc19af4f7f2c91a83b36ee7e43a7fbb0c6a' },
66 silly publish   _from: '.' }
67 error need auth auth and email required for publishing
67 error need auth You need to authorize this machine using `npm adduser`
68 error System Linux 3.13.0-64-generic
69 error command "/usr/bin/nodejs" "/usr/bin/npm" "publish"
70 error cwd /var/www/html/nodejs-by-example/01-nodejs-fundamentals/creating-module
71 error node -v v0.10.25
72 error npm -v 1.3.10
73 error code ENEEDAUTH
74 verbose exit [ 1, true ]
